<!DOCTYPE html PUBLIC "-//W3C//DTD XHTML 1.0 Transitional//EN" "http://www.w3.org/TR/xhtml1/DTD/xhtml1-transitional.dtd">
<!-- Generated by Apache Maven Doxia Site Renderer 1.4 at 2015-08-29 -->
<html xmlns="http://www.w3.org/1999/xhtml" xml:lang="en" lang="en">
  <head>
    <meta http-equiv="Content-Type" content="text/html; charset=UTF-8" />
    <title>Weight_Watchers - Surefire Report</title>
    <style type="text/css" media="all">
      @import url("./css/maven-base.css");
      @import url("./css/maven-theme.css");
      @import url("./css/site.css");
    </style>
    <link rel="stylesheet" href="./css/print.css" type="text/css" media="print" />
    <meta name="Date-Revision-yyyymmdd" content="20150829" />
    <meta http-equiv="Content-Language" content="en" />
        
        </head>
  <body class="composite">
    <div id="banner">
                    <div id="bannerLeft">
                Weight_Watchers
                </div>
                    <div class="clear">
        <hr/>
      </div>
    </div>
    <div id="breadcrumbs">
            
                    
                <div class="xleft">
        <span id="publishDate">Last Published: 2015-08-29</span>
                  &nbsp;| <span id="projectVersion">Version: 1.1</span>
                      </div>
            <div class="xright">                    <a href="./" title="Weight_Watchers">Weight_Watchers</a>
              
                    
      </div>
      <div class="clear">
        <hr/>
      </div>
    </div>
    <div id="leftColumn">
      <div id="navcolumn">
             
                    
                                          <h5>Project Documentation</h5>
                  <ul>
                                                                                                                                                                                <li class="collapsed">
                          <a href="project-info.html" title="Project Information">Project Information</a>
                  </li>
                                                                              <li class="expanded">
                          <a href="project-reports.html" title="Project Reports">Project Reports</a>
                    <ul>
                      <li class="none">
            <strong>Surefire Report</strong>
          </li>
              </ul>
        </li>
          </ul>
                             <a href="http://maven.apache.org/" title="Built by Maven" class="poweredBy">
        <img class="poweredBy" alt="Built by Maven" src="./images/logos/maven-feather.png" />
      </a>
                   
                    
            </div>
    </div>
    <div id="bodyColumn">
      <div id="contentBox">
        <script type="text/javascript">
//<![CDATA[
function toggleDisplay(elementId) {
 var elm = document.getElementById(elementId + 'error');
 if (elm && typeof elm.style != "undefined") {
 if (elm.style.display == "none") {
 elm.style.display = "";
 document.getElementById(elementId + 'off').style.display = "none";
 document.getElementById(elementId + 'on').style.display = "inline";
 } else if (elm.style.display == "") { elm.style.display = "none";
 document.getElementById(elementId + 'off').style.display = "inline";
 document.getElementById(elementId + 'on').style.display = "none";
 } 
 } 
 }
//]]>
</script>
<div class="section">
<h2>Surefire Report<a name="Surefire_Report"></a></h2></div>
<div class="section">
<h2>Summary<a name="Summary"></a></h2><a name="Summary"></a>
<p>[<a href="#Summary">Summary</a>] [<a href="#Package_List">Package List</a>] [<a href="#Test_Cases">Test Cases</a>]</p><br />
<table border="1" class="bodyTable">
<tr class="a">
<th>Tests</th>
<th>Errors </th>
<th>Failures</th>
<th>Skipped</th>
<th>Success Rate</th>
<th>Time</th></tr>
<tr class="b">
<td>25</td>
<td>0</td>
<td>3</td>
<td>0</td>
<td>88%</td>
<td>0.167</td></tr></table><br />
<p>Note: failures are anticipated and checked for with assertions while errors are unanticipated.</p><br /></div>
<div class="section">
<h2>Package List<a name="Package_List"></a></h2><a name="Package_List"></a>
<p>[<a href="#Summary">Summary</a>] [<a href="#Package_List">Package List</a>] [<a href="#Test_Cases">Test Cases</a>]</p><br />
<table border="1" class="bodyTable">
<tr class="a">
<th>Package</th>
<th>Tests</th>
<th>Errors </th>
<th>Failures</th>
<th>Skipped</th>
<th>Success Rate</th>
<th>Time</th></tr>
<tr class="b">
<td><a href="#core">core</a></td>
<td>25</td>
<td>0</td>
<td>3</td>
<td>0</td>
<td>88%</td>
<td>0.167</td></tr></table><br />
<p>Note: package statistics are not computed recursively, they only sum up all of its testsuites numbers.</p>
<div class="section">
<h3>core<a name="core"></a></h3><a name="core"></a>
<table border="1" class="bodyTable">
<tr class="a">
<th></th>
<th>Class</th>
<th>Tests</th>
<th>Errors </th>
<th>Failures</th>
<th>Skipped</th>
<th>Success Rate</th>
<th>Time</th></tr>
<tr class="b">
<td><a href="#coreSeleniumTest"><img src="images/icon_warning_sml.gif" alt="" /></a></td>
<td><a href="#coreSeleniumTest">SeleniumTest</a></td>
<td>25</td>
<td>0</td>
<td>3</td>
<td>0</td>
<td>88%</td>
<td>0.167</td></tr></table></div><br /></div>
<div class="section">
<h2>Test Cases<a name="Test_Cases"></a></h2><a name="Test_Cases"></a>
<p>[<a href="#Summary">Summary</a>] [<a href="#Package_List">Package List</a>] [<a href="#Test_Cases">Test Cases</a>]</p>
<div class="section">
<h3>SeleniumTest<a name="SeleniumTest"></a></h3><a name="coreSeleniumTest"></a>
<table border="1" class="bodyTable">
<tr class="a">
<td><img src="images/icon_success_sml.gif" alt="" /></td>
<td>test_Title_Validation[Iteration # 0 : exp: Weight Watchers - Success Starts Here; act: Weight Watchers - Success Starts Here]</td>
<td>0.005</td></tr>
<tr class="b">
<td><img src="images/icon_success_sml.gif" alt="" /></td>
<td>test_Title_Validation[Iteration # 1 : exp: Virtual Patent | Weight Watchers; act: Virtual Patent | Weight Watchers]</td>
<td>0</td></tr>
<tr class="a">
<td><img src="images/icon_success_sml.gif" alt="" /></td>
<td>test_Title_Validation[Iteration # 2 : exp: | Weight Watchers; act: | Weight Watchers]</td>
<td>0</td></tr>
<tr class="b">
<td><img src="images/icon_success_sml.gif" alt="" /></td>
<td>test_Title_Validation[Iteration # 3 : exp: Marketplace; act: Marketplace]</td>
<td>0</td></tr>
<tr class="a">
<td><img src="images/icon_success_sml.gif" alt="" /></td>
<td>test_Title_Validation[Iteration # 4 : exp: Weight Watchers Community; act: Weight Watchers Community]</td>
<td>0.001</td></tr>
<tr class="b">
<td><img src="images/icon_success_sml.gif" alt="" /></td>
<td>test_Title_Validation[Iteration # 5 : exp: Magazine Landing Page; act: Magazine Landing Page]</td>
<td>0</td></tr>
<tr class="a">
<td><img src="images/icon_success_sml.gif" alt="" /></td>
<td>test_Title_Validation[Iteration # 6 : exp: Weight Watchers; act: Weight Watchers]</td>
<td>0.001</td></tr>
<tr class="b">
<td><img src="images/icon_success_sml.gif" alt="" /></td>
<td>test_Title_Validation[Iteration # 7 : exp: Press Release | Weight Watchers; act: Press Release | Weight Watchers]</td>
<td>0</td></tr>
<tr class="a">
<td><img src="images/icon_success_sml.gif" alt="" /></td>
<td>test_Title_Validation[Iteration # 8 : exp: Validation Page for Online Privacy Certification by TRUSTe; act: Validation Page for Online Privacy Certification by TRUSTe]</td>
<td>0</td></tr>
<tr class="b">
<td><a href="#core.SeleniumTest.test_Title_ValidationIteration__9_:_exp:_Weight_Watchers_act:_Weight_Watchers__Facebook"><img src="images/icon_error_sml.gif" alt="" /></a></td>
<td><a href="#core.SeleniumTest.test_Title_ValidationIteration__9_:_exp:_Weight_Watchers_act:_Weight_Watchers__Facebook">test_Title_Validation[Iteration # 9 : exp: Weight Watchers; act: Weight Watchers | Facebook]</a>
<div class="detailToggle" style="display:inline"><a href="javascript:toggleDisplay(&apos;core.SeleniumTest.test_Title_ValidationIteration__9_:_exp:_Weight_Watchers_act:_Weight_Watchers__Facebook&apos;);"><span style="display:inline;" id="core.SeleniumTest.test_Title_ValidationIteration__9_:_exp:_Weight_Watchers_act:_Weight_Watchers__Facebookoff"> + </span><span style="display:none;" id="core.SeleniumTest.test_Title_ValidationIteration__9_:_exp:_Weight_Watchers_act:_Weight_Watchers__Facebookon"> - </span>[ Detail ]</a></div></td>
<td>0.152</td></tr>
<tr class="a">
<td></td>
<td>FAILED expected:&lt;Weight Watchers[]&gt; but was:&lt;Weight Watchers[ | Facebook]&gt;</td>
<td></td></tr>
<tr class="b">
<td></td>
<td>
<div id="core.SeleniumTest.test_Title_ValidationIteration__9_:_exp:_Weight_Watchers_act:_Weight_Watchers__Facebookerror" style="display:none;">
<div>
<pre>org.junit.ComparisonFailure: FAILED expected:&lt;Weight Watchers[]&gt; but was:&lt;Weight Watchers[ | Facebook]&gt;at org.junit.Assert.assertEquals(Assert.java:115)at core.SeleniumTest.test_Title_Validation(SeleniumTest.java:48)at sun.reflect.NativeMethodAccessorImpl.invoke0(Native Method)at sun.reflect.NativeMethodAccessorImpl.invoke(NativeMethodAccessorImpl.java:57)at sun.reflect.DelegatingMethodAccessorImpl.invoke(DelegatingMethodAccessorImpl.java:43)at java.lang.reflect.Method.invoke(Method.java:606)at org.junit.runners.model.FrameworkMethod$1.runReflectiveCall(FrameworkMethod.java:50)at org.junit.internal.runners.model.ReflectiveCallable.run(ReflectiveCallable.java:12)at org.junit.runners.model.FrameworkMethod.invokeExplosively(FrameworkMethod.java:47)at org.junit.internal.runners.statements.InvokeMethod.evaluate(InvokeMethod.java:17)at org.junit.runners.ParentRunner.runLeaf(ParentRunner.java:325)at org.junit.runners.BlockJUnit4ClassRunner.runChild(BlockJUnit4ClassRunner.java:78)at org.junit.runners.BlockJUnit4ClassRunner.runChild(BlockJUnit4ClassRunner.java:57)at org.junit.runners.ParentRunner$3.run(ParentRunner.java:290)at org.junit.runners.ParentRunner$1.schedule(ParentRunner.java:71)at org.junit.runners.ParentRunner.runChildren(ParentRunner.java:288)at org.junit.runners.ParentRunner.access$000(ParentRunner.java:58)at org.junit.runners.ParentRunner$2.evaluate(ParentRunner.java:268)at org.junit.runners.ParentRunner.run(ParentRunner.java:363)at org.junit.runners.Suite.runChild(Suite.java:128)at org.junit.runners.Suite.runChild(Suite.java:27)at org.junit.runners.ParentRunner$3.run(ParentRunner.java:290)at org.junit.runners.ParentRunner$1.schedule(ParentRunner.java:71)at org.junit.runners.ParentRunner.runChildren(ParentRunner.java:288)at org.junit.runners.ParentRunner.access$000(ParentRunner.java:58)at org.junit.runners.ParentRunner$2.evaluate(ParentRunner.java:268)at org.junit.internal.runners.statements.RunBefores.evaluate(RunBefores.java:26)at org.junit.runners.ParentRunner.run(ParentRunner.java:363)at org.apache.maven.surefire.junit4.JUnit4Provider.execute(JUnit4Provider.java:252)at org.apache.maven.surefire.junit4.JUnit4Provider.executeTestSet(JUnit4Provider.java:141)at org.apache.maven.surefire.junit4.JUnit4Provider.invoke(JUnit4Provider.java:112)at sun.reflect.NativeMethodAccessorImpl.invoke0(Native Method)at sun.reflect.NativeMethodAccessorImpl.invoke(NativeMethodAccessorImpl.java:57)at sun.reflect.DelegatingMethodAccessorImpl.invoke(DelegatingMethodAccessorImpl.java:43)at java.lang.reflect.Method.invoke(Method.java:606)at org.apache.maven.surefire.util.ReflectionUtils.invokeMethodWithArray(ReflectionUtils.java:189)at org.apache.maven.surefire.booter.ProviderFactory$ProviderProxy.invoke(ProviderFactory.java:165)at org.apache.maven.surefire.booter.ProviderFactory.invokeProvider(ProviderFactory.java:85)at org.apache.maven.surefire.booter.ForkedBooter.runSuitesInProcess(ForkedBooter.java:115)at org.apache.maven.surefire.booter.ForkedBooter.main(ForkedBooter.java:75)</pre></div></div></td>
<td></td></tr>
<tr class="a">
<td><img src="images/icon_success_sml.gif" alt="" /></td>
<td>test_Title_Validation[Iteration # 10 : exp: Weight Watchers (@WeightWatchers) | Twitter; act: Weight Watchers (@WeightWatchers) | Twitter]</td>
<td>0</td></tr>
<tr class="b">
<td><img src="images/icon_success_sml.gif" alt="" /></td>
<td>test_Title_Validation[Iteration # 11 : exp: Comparisons | Weight Watchers; act: Comparisons | Weight Watchers]</td>
<td>0</td></tr>
<tr class="a">
<td><img src="images/icon_success_sml.gif" alt="" /></td>
<td>test_Title_Validation[Iteration # 12 : exp: Weight Watchers - Success Starts Here; act: Weight Watchers - Success Starts Here]</td>
<td>0</td></tr>
<tr class="b">
<td><img src="images/icon_success_sml.gif" alt="" /></td>
<td>test_Title_Validation[Iteration # 13 : exp: What Can I Eat | Weight Watchers; act: What Can I Eat | Weight Watchers]</td>
<td>0</td></tr>
<tr class="a">
<td><img src="images/icon_success_sml.gif" alt="" /></td>
<td>test_Title_Validation[Iteration # 14 : exp: Comparisons | Weight Watchers; act: Comparisons | Weight Watchers]</td>
<td>0</td></tr>
<tr class="b">
<td><img src="images/icon_success_sml.gif" alt="" /></td>
<td>test_Title_Validation[Iteration # 15 : exp: Welcome to WeightWatchers.com; act: Welcome to WeightWatchers.com]</td>
<td>0</td></tr>
<tr class="a">
<td><img src="images/icon_success_sml.gif" alt="" /></td>
<td>test_Title_Validation[Iteration # 16 : exp: Weight Watchers - YouTube; act: Weight Watchers - YouTube]</td>
<td>0</td></tr>
<tr class="b">
<td><img src="images/icon_success_sml.gif" alt="" /></td>
<td>test_Title_Validation[Iteration # 17 : exp: Weight Watchers on Pinterest; act: Weight Watchers on Pinterest]</td>
<td>0</td></tr>
<tr class="a">
<td><a href="#core.SeleniumTest.test_Title_ValidationIteration__18_:_exp:_Privacy_Policy__Weight_Watchers_act:_Weight_Watchers_on_Pinterest"><img src="images/icon_error_sml.gif" alt="" /></a></td>
<td><a href="#core.SeleniumTest.test_Title_ValidationIteration__18_:_exp:_Privacy_Policy__Weight_Watchers_act:_Weight_Watchers_on_Pinterest">test_Title_Validation[Iteration # 18 : exp: Privacy Policy | Weight Watchers; act: Weight Watchers on Pinterest]</a>
<div class="detailToggle" style="display:inline"><a href="javascript:toggleDisplay(&apos;core.SeleniumTest.test_Title_ValidationIteration__18_:_exp:_Privacy_Policy__Weight_Watchers_act:_Weight_Watchers_on_Pinterest&apos;);"><span style="display:inline;" id="core.SeleniumTest.test_Title_ValidationIteration__18_:_exp:_Privacy_Policy__Weight_Watchers_act:_Weight_Watchers_on_Pinterestoff"> + </span><span style="display:none;" id="core.SeleniumTest.test_Title_ValidationIteration__18_:_exp:_Privacy_Policy__Weight_Watchers_act:_Weight_Watchers_on_Pintereston"> - </span>[ Detail ]</a></div></td>
<td>0.001</td></tr>
<tr class="b">
<td></td>
<td>FAILED expected:&lt;[Privacy Policy | Weight Watchers]&gt; but was:&lt;[Weight Watchers on Pinterest]&gt;</td>
<td></td></tr>
<tr class="a">
<td></td>
<td>
<div id="core.SeleniumTest.test_Title_ValidationIteration__18_:_exp:_Privacy_Policy__Weight_Watchers_act:_Weight_Watchers_on_Pinteresterror" style="display:none;">
<div>
<pre>org.junit.ComparisonFailure: FAILED expected:&lt;[Privacy Policy | Weight Watchers]&gt; but was:&lt;[Weight Watchers on Pinterest]&gt;at org.junit.Assert.assertEquals(Assert.java:115)at core.SeleniumTest.test_Title_Validation(SeleniumTest.java:48)at sun.reflect.GeneratedMethodAccessor1.invoke(Unknown Source)at sun.reflect.DelegatingMethodAccessorImpl.invoke(DelegatingMethodAccessorImpl.java:43)at java.lang.reflect.Method.invoke(Method.java:606)at org.junit.runners.model.FrameworkMethod$1.runReflectiveCall(FrameworkMethod.java:50)at org.junit.internal.runners.model.ReflectiveCallable.run(ReflectiveCallable.java:12)at org.junit.runners.model.FrameworkMethod.invokeExplosively(FrameworkMethod.java:47)at org.junit.internal.runners.statements.InvokeMethod.evaluate(InvokeMethod.java:17)at org.junit.runners.ParentRunner.runLeaf(ParentRunner.java:325)at org.junit.runners.BlockJUnit4ClassRunner.runChild(BlockJUnit4ClassRunner.java:78)at org.junit.runners.BlockJUnit4ClassRunner.runChild(BlockJUnit4ClassRunner.java:57)at org.junit.runners.ParentRunner$3.run(ParentRunner.java:290)at org.junit.runners.ParentRunner$1.schedule(ParentRunner.java:71)at org.junit.runners.ParentRunner.runChildren(ParentRunner.java:288)at org.junit.runners.ParentRunner.access$000(ParentRunner.java:58)at org.junit.runners.ParentRunner$2.evaluate(ParentRunner.java:268)at org.junit.runners.ParentRunner.run(ParentRunner.java:363)at org.junit.runners.Suite.runChild(Suite.java:128)at org.junit.runners.Suite.runChild(Suite.java:27)at org.junit.runners.ParentRunner$3.run(ParentRunner.java:290)at org.junit.runners.ParentRunner$1.schedule(ParentRunner.java:71)at org.junit.runners.ParentRunner.runChildren(ParentRunner.java:288)at org.junit.runners.ParentRunner.access$000(ParentRunner.java:58)at org.junit.runners.ParentRunner$2.evaluate(ParentRunner.java:268)at org.junit.internal.runners.statements.RunBefores.evaluate(RunBefores.java:26)at org.junit.runners.ParentRunner.run(ParentRunner.java:363)at org.apache.maven.surefire.junit4.JUnit4Provider.execute(JUnit4Provider.java:252)at org.apache.maven.surefire.junit4.JUnit4Provider.executeTestSet(JUnit4Provider.java:141)at org.apache.maven.surefire.junit4.JUnit4Provider.invoke(JUnit4Provider.java:112)at sun.reflect.NativeMethodAccessorImpl.invoke0(Native Method)at sun.reflect.NativeMethodAccessorImpl.invoke(NativeMethodAccessorImpl.java:57)at sun.reflect.DelegatingMethodAccessorImpl.invoke(DelegatingMethodAccessorImpl.java:43)at java.lang.reflect.Method.invoke(Method.java:606)at org.apache.maven.surefire.util.ReflectionUtils.invokeMethodWithArray(ReflectionUtils.java:189)at org.apache.maven.surefire.booter.ProviderFactory$ProviderProxy.invoke(ProviderFactory.java:165)at org.apache.maven.surefire.booter.ProviderFactory.invokeProvider(ProviderFactory.java:85)at org.apache.maven.surefire.booter.ForkedBooter.runSuitesInProcess(ForkedBooter.java:115)at org.apache.maven.surefire.booter.ForkedBooter.main(ForkedBooter.java:75)</pre></div></div></td>
<td></td></tr>
<tr class="b">
<td><a href="#core.SeleniumTest.test_Title_ValidationIteration__19_:_exp:_Weight_Watchers_weightwatchers__Instagram_photos_and_videos_act:_Privacy_Policy__Weight_Watchers"><img src="images/icon_error_sml.gif" alt="" /></a></td>
<td><a href="#core.SeleniumTest.test_Title_ValidationIteration__19_:_exp:_Weight_Watchers_weightwatchers__Instagram_photos_and_videos_act:_Privacy_Policy__Weight_Watchers">test_Title_Validation[Iteration # 19 : exp: Weight Watchers (@weightwatchers) &#x2022; Instagram photos and videos; act: Privacy Policy | Weight Watchers]</a>
<div class="detailToggle" style="display:inline"><a href="javascript:toggleDisplay(&apos;core.SeleniumTest.test_Title_ValidationIteration__19_:_exp:_Weight_Watchers_weightwatchers__Instagram_photos_and_videos_act:_Privacy_Policy__Weight_Watchers&apos;);"><span style="display:inline;" id="core.SeleniumTest.test_Title_ValidationIteration__19_:_exp:_Weight_Watchers_weightwatchers__Instagram_photos_and_videos_act:_Privacy_Policy__Weight_Watchersoff"> + </span><span style="display:none;" id="core.SeleniumTest.test_Title_ValidationIteration__19_:_exp:_Weight_Watchers_weightwatchers__Instagram_photos_and_videos_act:_Privacy_Policy__Weight_Watcherson"> - </span>[ Detail ]</a></div></td>
<td>0.002</td></tr>
<tr class="a">
<td></td>
<td>FAILED expected:&lt;[Weight Watchers (@weightwatchers) &#x2022; Instagram photos and video]s&gt; but was:&lt;[Privacy Policy | Weight Watcher]s&gt;</td>
<td></td></tr>
<tr class="b">
<td></td>
<td>
<div id="core.SeleniumTest.test_Title_ValidationIteration__19_:_exp:_Weight_Watchers_weightwatchers__Instagram_photos_and_videos_act:_Privacy_Policy__Weight_Watcherserror" style="display:none;">
<div>
<pre>org.junit.ComparisonFailure: FAILED expected:&lt;[Weight Watchers (@weightwatchers) &#x2022; Instagram photos and video]s&gt; but was:&lt;[Privacy Policy | Weight Watcher]s&gt;at org.junit.Assert.assertEquals(Assert.java:115)at core.SeleniumTest.test_Title_Validation(SeleniumTest.java:48)at sun.reflect.GeneratedMethodAccessor1.invoke(Unknown Source)at sun.reflect.DelegatingMethodAccessorImpl.invoke(DelegatingMethodAccessorImpl.java:43)at java.lang.reflect.Method.invoke(Method.java:606)at org.junit.runners.model.FrameworkMethod$1.runReflectiveCall(FrameworkMethod.java:50)at org.junit.internal.runners.model.ReflectiveCallable.run(ReflectiveCallable.java:12)at org.junit.runners.model.FrameworkMethod.invokeExplosively(FrameworkMethod.java:47)at org.junit.internal.runners.statements.InvokeMethod.evaluate(InvokeMethod.java:17)at org.junit.runners.ParentRunner.runLeaf(ParentRunner.java:325)at org.junit.runners.BlockJUnit4ClassRunner.runChild(BlockJUnit4ClassRunner.java:78)at org.junit.runners.BlockJUnit4ClassRunner.runChild(BlockJUnit4ClassRunner.java:57)at org.junit.runners.ParentRunner$3.run(ParentRunner.java:290)at org.junit.runners.ParentRunner$1.schedule(ParentRunner.java:71)at org.junit.runners.ParentRunner.runChildren(ParentRunner.java:288)at org.junit.runners.ParentRunner.access$000(ParentRunner.java:58)at org.junit.runners.ParentRunner$2.evaluate(ParentRunner.java:268)at org.junit.runners.ParentRunner.run(ParentRunner.java:363)at org.junit.runners.Suite.runChild(Suite.java:128)at org.junit.runners.Suite.runChild(Suite.java:27)at org.junit.runners.ParentRunner$3.run(ParentRunner.java:290)at org.junit.runners.ParentRunner$1.schedule(ParentRunner.java:71)at org.junit.runners.ParentRunner.runChildren(ParentRunner.java:288)at org.junit.runners.ParentRunner.access$000(ParentRunner.java:58)at org.junit.runners.ParentRunner$2.evaluate(ParentRunner.java:268)at org.junit.internal.runners.statements.RunBefores.evaluate(RunBefores.java:26)at org.junit.runners.ParentRunner.run(ParentRunner.java:363)at org.apache.maven.surefire.junit4.JUnit4Provider.execute(JUnit4Provider.java:252)at org.apache.maven.surefire.junit4.JUnit4Provider.executeTestSet(JUnit4Provider.java:141)at org.apache.maven.surefire.junit4.JUnit4Provider.invoke(JUnit4Provider.java:112)at sun.reflect.NativeMethodAccessorImpl.invoke0(Native Method)at sun.reflect.NativeMethodAccessorImpl.invoke(NativeMethodAccessorImpl.java:57)at sun.reflect.DelegatingMethodAccessorImpl.invoke(DelegatingMethodAccessorImpl.java:43)at java.lang.reflect.Method.invoke(Method.java:606)at org.apache.maven.surefire.util.ReflectionUtils.invokeMethodWithArray(ReflectionUtils.java:189)at org.apache.maven.surefire.booter.ProviderFactory$ProviderProxy.invoke(ProviderFactory.java:165)at org.apache.maven.surefire.booter.ProviderFactory.invokeProvider(ProviderFactory.java:85)at org.apache.maven.surefire.booter.ForkedBooter.runSuitesInProcess(ForkedBooter.java:115)at org.apache.maven.surefire.booter.ForkedBooter.main(ForkedBooter.java:75)</pre></div></div></td>
<td></td></tr>
<tr class="a">
<td><img src="images/icon_success_sml.gif" alt="" /></td>
<td>test_Title_Validation[Iteration # 20 : exp: Weight Watchers | LinkedIn; act: Weight Watchers | LinkedIn]</td>
<td>0</td></tr>
<tr class="b">
<td><img src="images/icon_success_sml.gif" alt="" /></td>
<td>test_Title_Validation[Iteration # 21 : exp: Top 25 Weight Watchers profiles | LinkedIn; act: Top 25 Weight Watchers profiles | LinkedIn]</td>
<td>0.005</td></tr>
<tr class="a">
<td><img src="images/icon_success_sml.gif" alt="" /></td>
<td>test_Title_Validation[Iteration # 22 : exp: Who We Are | Weight Watchers; act: Who We Are | Weight Watchers]</td>
<td>0</td></tr>
<tr class="b">
<td><img src="images/icon_success_sml.gif" alt="" /></td>
<td>test_Title_Validation[Iteration # 23 : exp: Weight Watchers In the Workplace; act: Weight Watchers In the Workplace]</td>
<td>0</td></tr>
<tr class="a">
<td><img src="images/icon_success_sml.gif" alt="" /></td>
<td>test_Title_Validation[Iteration # 24 : exp: Contact Us | Weight Watchers; act: Contact Us | Weight Watchers]</td>
<td>0</td></tr></table></div><br /></div>
<div class="section">
<h2>Failure Details<a name="Failure_Details"></a></h2><a name="Failure_Details"></a>
<p>[<a href="#Summary">Summary</a>] [<a href="#Package_List">Package List</a>] [<a href="#Test_Cases">Test Cases</a>]</p><br />
<table border="1" class="bodyTable">
<tr class="a">
<td><img src="images/icon_error_sml.gif" alt="" /></td>
<td><a name="core.SeleniumTest.test_Title_ValidationIteration__9_:_exp:_Weight_Watchers_act:_Weight_Watchers__Facebook"></a>test_Title_Validation[Iteration # 9 : exp: Weight Watchers; act: Weight Watchers | Facebook]</td></tr>
<tr class="b">
<td></td>
<td>org.junit.ComparisonFailure: FAILED expected:&lt;Weight Watchers[]&gt; but was:&lt;Weight Watchers[ | Facebook]&gt;</td></tr>                                                                                                                                                                
<tr class="a">
<td></td>
<td>
<div id="test_Title_Validation[Iteration # 9 : exp: Weight Watchers; act: Weight Watchers | Facebook]error">core.SeleniumTest:</div></td></tr>
<tr class="b">
<td><img src="images/icon_error_sml.gif" alt="" /></td>
<td><a name="core.SeleniumTest.test_Title_ValidationIteration__18_:_exp:_Privacy_Policy__Weight_Watchers_act:_Weight_Watchers_on_Pinterest"></a>test_Title_Validation[Iteration # 18 : exp: Privacy Policy | Weight Watchers; act: Weight Watchers on Pinterest]</td></tr>
<tr class="a">
<td></td>
<td>org.junit.ComparisonFailure: FAILED expected:&lt;[Privacy Policy | Weight Watchers]&gt; but was:&lt;[Weight Watchers on Pinterest]&gt;</td></tr>                                                                                                                                                            
<tr class="b">
<td></td>
<td>
<div id="test_Title_Validation[Iteration # 18 : exp: Privacy Policy | Weight Watchers; act: Weight Watchers on Pinterest]error">core.SeleniumTest:</div></td></tr>
<tr class="a">
<td><img src="images/icon_error_sml.gif" alt="" /></td>
<td><a name="core.SeleniumTest.test_Title_ValidationIteration__19_:_exp:_Weight_Watchers_weightwatchers__Instagram_photos_and_videos_act:_Privacy_Policy__Weight_Watchers"></a>test_Title_Validation[Iteration # 19 : exp: Weight Watchers (@weightwatchers) &#x2022; Instagram photos and videos; act: Privacy Policy | Weight Watchers]</td></tr>
<tr class="b">
<td></td>
<td>org.junit.ComparisonFailure: FAILED expected:&lt;[Weight Watchers (@weightwatchers) &#x2022; Instagram photos and video]s&gt; but was:&lt;[Privacy Policy | Weight Watcher]s&gt;</td></tr>                                                                                                                                                            
<tr class="a">
<td></td>
<td>
<div id="test_Title_Validation[Iteration # 19 : exp: Weight Watchers (@weightwatchers) &#x2022; Instagram photos and videos; act: Privacy Policy | Weight Watchers]error">core.SeleniumTest:</div></td></tr></table><br /></div>
      </div>
    </div>
    <div class="clear">
      <hr/>
    </div>
    <div id="footer">
      <div class="xright">
              Copyright &#169;                   2015.
          All Rights Reserved.      
                    
                  </div>
      <div class="clear">
        <hr/>
      </div>
    </div>
  </body>
</html>
